0 info it worked if it ends with ok
1 verbose cli [ '/usr/local/bin/node',
1 verbose cli   '/usr/local/bin/npm',
1 verbose cli   'install',
1 verbose cli   'libxmljs' ]
2 info using npm@1.4.28
3 info using node@v0.10.36
4 verbose readDependencies using package.json deps
5 verbose cache add [ 'libxmljs', null ]
6 verbose cache add name=undefined spec="libxmljs" args=["libxmljs",null]
7 verbose parsed url { protocol: null,
7 verbose parsed url   slashes: null,
7 verbose parsed url   auth: null,
7 verbose parsed url   host: null,
7 verbose parsed url   port: null,
7 verbose parsed url   hostname: null,
7 verbose parsed url   hash: null,
7 verbose parsed url   search: null,
7 verbose parsed url   query: null,
7 verbose parsed url   pathname: 'libxmljs',
7 verbose parsed url   path: 'libxmljs',
7 verbose parsed url   href: 'libxmljs' }
8 silly lockFile 7cc0caa4-libxmljs libxmljs
9 verbose lock libxmljs /home/msmith/.npm/7cc0caa4-libxmljs.lock
10 silly lockFile 7cc0caa4-libxmljs libxmljs
11 silly lockFile 7cc0caa4-libxmljs libxmljs
12 verbose addNamed [ 'libxmljs', '' ]
13 verbose addNamed [ null, '*' ]
14 silly lockFile facb906b-libxmljs libxmljs@
15 verbose lock libxmljs@ /home/msmith/.npm/facb906b-libxmljs.lock
16 silly addNameRange { name: 'libxmljs', range: '*', hasData: false }
17 verbose request where is /libxmljs
18 verbose request registry https://registry.npmjs.org/
19 verbose request id f05d2f09ac0a3899
20 verbose url raw /libxmljs
21 verbose url resolving [ 'https://registry.npmjs.org/', './libxmljs' ]
22 verbose url resolved https://registry.npmjs.org/libxmljs
23 verbose request where is https://registry.npmjs.org/libxmljs
24 info trying registry request attempt 1 at 20:59:06
25 http GET https://registry.npmjs.org/libxmljs
26 info retry will retry, error on last attempt: Error: connect ETIMEDOUT
27 info trying registry request attempt 2 at 21:00:19
28 http GET https://registry.npmjs.org/libxmljs
29 info retry will retry, error on last attempt: Error: connect ETIMEDOUT
30 info trying registry request attempt 3 at 21:02:23
31 http GET https://registry.npmjs.org/libxmljs
32 silly lockFile facb906b-libxmljs libxmljs@
33 silly lockFile facb906b-libxmljs libxmljs@
34 error network connect ETIMEDOUT
34 error network This is most likely not a problem with npm itself
34 error network and is related to network connectivity.
34 error network In most cases you are behind a proxy or have bad network settings.
34 error network
34 error network If you are behind a proxy, please make sure that the
34 error network 'proxy' config is set properly.  See: 'npm help config'
35 error System Linux 3.2.0-4-amd64
36 error command "/usr/local/bin/node" "/usr/local/bin/npm" "install" "libxmljs"
37 error cwd /home/msmith/public_html/project1
38 error node -v v0.10.36
39 error npm -v 1.4.28
40 error syscall connect
41 error code ETIMEDOUT
42 error errno ETIMEDOUT
43 verbose exit [ 1, true ]
